<?xml version="1.0" encoding="UTF-8"?>
<testng-results ignored="0" total="1" passed="1" failed="0" skipped="0">
  <reporter-output>
  </reporter-output>
  <suite started-at="2026-03-23T11:41:14 IST" name="Default suite" finished-at="2026-03-23T11:41:17 IST" duration-ms="2730">
    <groups>
    </groups>
    <test started-at="2026-03-23T11:41:14 IST" name="Default test" finished-at="2026-03-23T11:41:17 IST" duration-ms="2730">
      <class name="parameters_Impl.GetPetByStatus">
        <test-method signature="getByStatus()[pri:0, instance:parameters_Impl.GetPetByStatus@77fbd92c]" started-at="2026-03-23T11:41:14 IST" name="getByStatus" finished-at="2026-03-23T11:41:17 IST" duration-ms="2702" status="PASS">
          <reporter-output>
          </reporter-output>
        </test-method> <!-- getByStatus -->
      </class> <!-- parameters_Impl.GetPetByStatus -->
    </test> <!-- Default test -->
  </suite> <!-- Default suite -->
</testng-results>
