<?xml version="1.0" encoding="UTF-8"?>
<!-- Generated by org.testng.reporters.JUnitXMLReporter -->
<testsuite ignored="0" hostname="LAPTOP-3DQRMHDT" failures="0" tests="4" name="CRUD" time="4.524" errors="0" timestamp="2026-03-17T15:21:38 IST">
  <testcase classname="testNGAnnotations.Ninza_Project_Controller_Test" name="addProjectTest" time="4.258"/>
  <testcase classname="testNGAnnotations.Ninza_Project_Controller_Test" name="getProjectTest" time="0.092"/>
  <testcase classname="testNGAnnotations.Ninza_Project_Controller_Test" name="updateProjectTest" time="0.069"/>
  <testcase classname="testNGAnnotations.Ninza_Project_Controller_Test" name="deleteProjectTest" time="0.05"/>
</testsuite> <!-- CRUD -->
