<?xml version="1.0" encoding="UTF-8"?>
<!-- Generated by org.testng.reporters.JUnitReportReporter -->
<testsuite hostname="LAPTOP-3DQRMHDT" failures="0" tests="5" name="testNGAnnotations.Ninza_Project_Controller_Test" time="4.213" errors="0" timestamp="2026-03-18T07:42:56 IST" skipped="0">
  <testcase classname="testNGAnnotations.Ninza_Project_Controller_Test" name="addProjectTest" time="3.856"/>
  <testcase classname="testNGAnnotations.Ninza_Project_Controller_Test" name="getProjectTest" time="0.110"/>
  <testcase classname="testNGAnnotations.Ninza_Project_Controller_Test" name="getProjectTest" time="0.074"/>
  <testcase classname="testNGAnnotations.Ninza_Project_Controller_Test" name="updateProjectTest" time="0.123"/>
  <testcase classname="testNGAnnotations.Ninza_Project_Controller_Test" name="deleteProjectTest" time="0.050"/>
</testsuite> <!-- testNGAnnotations.Ninza_Project_Controller_Test -->
