<?xml version="1.0" encoding="UTF-8"?>
<!-- Generated by org.testng.reporters.JUnitReportReporter -->
<testsuite hostname="LAPTOP-3DQRMHDT" failures="0" tests="4" name="crudOperations_PetStore.Pet_Store_Pojo" time="8.850" errors="0" timestamp="2026-03-16T08:25:06 IST" skipped="0">
  <testcase classname="crudOperations_PetStore.Pet_Store_Pojo" name="create" time="4.126"/>
  <testcase classname="crudOperations_PetStore.Pet_Store_Pojo" name="get" time="1.455"/>
  <testcase classname="crudOperations_PetStore.Pet_Store_Pojo" name="update" time="1.735"/>
  <testcase classname="crudOperations_PetStore.Pet_Store_Pojo" name="delete" time="1.534"/>
</testsuite> <!-- crudOperations_PetStore.Pet_Store_Pojo -->
