<?xml version="1.0" encoding="UTF-8"?>
<!-- Generated by org.testng.reporters.JUnitReportReporter -->
<testsuite hostname="LAPTOP-3DQRMHDT" failures="0" tests="5" name="testNGAnnotations.DataProviderExec" time="0.019" errors="0" timestamp="2026-03-18T09:09:41 IST" skipped="0">
  <testcase classname="testNGAnnotations.DataProviderExec" name="bookingTest" time="0.002"/>
  <testcase classname="testNGAnnotations.DataProviderExec" name="bookingTest" time="0.002"/>
  <testcase classname="testNGAnnotations.DataProviderExec" name="bookingTest" time="0.001"/>
  <testcase classname="testNGAnnotations.DataProviderExec" name="bookingTest" time="0.012"/>
  <testcase classname="testNGAnnotations.DataProviderExec" name="bookingTest" time="0.002"/>
</testsuite> <!-- testNGAnnotations.DataProviderExec -->
