<?xml version="1.0" encoding="UTF-8"?>
<!-- Generated by org.testng.reporters.JUnitReportReporter -->
<testsuite hostname="LAPTOP-3DQRMHDT" failures="0" tests="4" name="requestChaining.NinzaHRM" time="2.885" errors="0" timestamp="2026-03-13T10:26:09 IST" skipped="0">
  <testcase classname="requestChaining.NinzaHRM" name="get" time="0.081"/>
  <testcase classname="requestChaining.NinzaHRM" name="delete" time="0.045"/>
  <testcase classname="requestChaining.NinzaHRM" name="create" time="2.396"/>
  <testcase classname="requestChaining.NinzaHRM" name="update" time="0.363"/>
</testsuite> <!-- requestChaining.NinzaHRM -->
