<?xml version="1.0" encoding="UTF-8"?>
<!-- Generated by org.testng.reporters.JUnitReportReporter -->
<testsuite hostname="LAPTOP-3DQRMHDT" failures="0" tests="4" name="crudOperations_PetStore.Pet_Store_Hashmap" time="11.033" errors="0" timestamp="2026-03-15T11:58:41 IST" skipped="0">
  <testcase classname="crudOperations_PetStore.Pet_Store_Hashmap" name="create" time="5.106"/>
  <testcase classname="crudOperations_PetStore.Pet_Store_Hashmap" name="get" time="1.838"/>
  <testcase classname="crudOperations_PetStore.Pet_Store_Hashmap" name="update" time="2.145"/>
  <testcase classname="crudOperations_PetStore.Pet_Store_Hashmap" name="delete" time="1.944"/>
</testsuite> <!-- crudOperations_PetStore.Pet_Store_Hashmap -->
